

CmdLine:	C:\Users\slave_000\Disk Google\Moje\PROGRAMOVANI\Java\RedditReader\exec\RedditReaderV2.exe --l4j-debug
WOW64:		yes
64-bit search:	SOFTWARE\JavaSoft\Java Runtime Environment...
Match:		SOFTWARE\JavaSoft\Java Runtime Environment\1.7
Match:		SOFTWARE\JavaSoft\Java Runtime Environment\1.7.0_25
Using 64-bit runtime.
64-bit search:	SOFTWARE\JavaSoft\Java Development Kit...
Ignore:		SOFTWARE\JavaSoft\Java Development Kit\1.7
Ignore:		SOFTWARE\JavaSoft\Java Development Kit\1.7.0_25
Using 64-bit runtime.
Check launcher:	C:\Program Files\Java\jre7\bin\javaw.exe (OK)
Launcher:	C:\Program Files\Java\jre7\bin\javaw.exe
Launcher args:	-jar "C:\Users\slave_000\Disk Google\Moje\PROGRAMOVANI\Java\RedditReader\exec\RedditReaderV2.exe"
Args length:	97/32768 chars
Exit code:	0


CmdLine:	C:\Users\slave_000\Disk Google\Moje\PROGRAMOVANI\Java\RedditReader\exec\RedditReaderV2.exe --l4j-debug
WOW64:		yes
64-bit search:	SOFTWARE\JavaSoft\Java Runtime Environment...
Match:		SOFTWARE\JavaSoft\Java Runtime Environment\1.7
Match:		SOFTWARE\JavaSoft\Java Runtime Environment\1.7.0_25
Using 64-bit runtime.
64-bit search:	SOFTWARE\JavaSoft\Java Development Kit...
Ignore:		SOFTWARE\JavaSoft\Java Development Kit\1.7
Ignore:		SOFTWARE\JavaSoft\Java Development Kit\1.7.0_25
Using 64-bit runtime.
Check launcher:	C:\Program Files\Java\jre7\bin\javaw.exe (OK)
Launcher:	C:\Program Files\Java\jre7\bin\javaw.exe
Launcher args:	-jar "C:\Users\slave_000\Disk Google\Moje\PROGRAMOVANI\Java\RedditReader\exec\RedditReaderV2.exe"
Args length:	97/32768 chars
Exit code:	0
